TN:
SF:/Users/fiat/Developer/learn-solidity/hardhat-decentralized-lottery/contracts/raffle.sol
FN:62,constructor
FN:73,enterRaffle
FN:95,checkUpkeep
FN:105,performUpkeep
FN:129,fulfillRandomWords
FN:151,getEntranceFee
FN:155,getPlayer
FN:159,getRecentWinner
FN:163,getRaffleState
FN:167,getNumWords
FN:171,getNumberOfPlayers
FN:175,getLatestTimeStamp
FN:179,getRequestComfirmations
FN:183,getInterval
FNF:14
FNH:8
FNDA:3,constructor
FNDA:5,enterRaffle
FNDA:1,checkUpkeep
FNDA:1,performUpkeep
FNDA:0,fulfillRandomWords
FNDA:5,getEntranceFee
FNDA:1,getPlayer
FNDA:0,getRecentWinner
FNDA:1,getRaffleState
FNDA:0,getNumWords
FNDA:0,getNumberOfPlayers
FNDA:0,getLatestTimeStamp
FNDA:0,getRequestComfirmations
FNDA:6,getInterval
DA:63,3
DA:64,3
DA:65,3
DA:66,3
DA:67,3
DA:68,3
DA:69,3
DA:70,3
DA:74,5
DA:75,1
DA:77,4
DA:78,1
DA:80,3
DA:83,3
DA:98,1
DA:99,1
DA:100,1
DA:101,1
DA:102,1
DA:109,1
DA:111,1
DA:112,0
DA:118,1
DA:119,1
DA:126,1
DA:136,0
DA:137,0
DA:138,0
DA:139,0
DA:140,0
DA:141,0
DA:142,0
DA:144,0
DA:145,0
DA:147,0
DA:152,5
DA:156,1
DA:160,0
DA:164,1
DA:168,0
DA:172,0
DA:176,0
DA:180,0
DA:184,6
LF:44
LH:28
BRDA:74,1,0,1
BRDA:74,1,1,4
BRDA:77,2,0,1
BRDA:77,2,1,3
BRDA:111,3,0,0
BRDA:111,3,1,1
BRDA:144,4,0,0
BRDA:144,4,1,0
BRF:8
BRH:5
end_of_record
TN:
SF:/Users/fiat/Developer/learn-solidity/hardhat-decentralized-lottery/contracts/test/VRFCoordinatorV2Mock.sol
FNF:0
FNH:0
LF:0
LH:0
BRF:0
BRH:0
end_of_record
